<?xml version="1.0" encoding="UTF-8" standalone="yes"?><!DOCTYPE report PUBLIC "-//JACOCO//DTD Report 1.0//EN" "report.dtd"><report name="logback-logstash-config"><sessioninfo id="" start="1535449487103" dump="1535449492596"/><sessioninfo id="cn.home1.logging.logback.SpringBootLogbackLoggingLevelTest testLevel" start="1535449492639" dump="1535449492746"/><sessioninfo id="" start="1535449492755" dump="1535449492758"/><sessioninfo id="cn.home1.logging.logback.SpringBootLogbackLoggingLevelTest testReadSpringProperty" start="1535449492765" dump="1535449492769"/><sessioninfo id="cn.home1.logging.logback.SpringBootLogbackLoggingLevelTest testReadSpringProperty" start="1535449492776" dump="1535449492802"/></report>