<?xml version="1.0" encoding="UTF-8" standalone="yes"?><!DOCTYPE report PUBLIC "-//JACOCO//DTD Report 1.0//EN" "report.dtd"><report name="logback-logstash-config"><sessioninfo id="" start="1533628689069" dump="1533628694398"/><sessioninfo id="cn.home1.logging.logback.SpringBootLogbackLoggingLevelTest testLevel" start="1533628694440" dump="1533628694526"/><sessioninfo id="" start="1533628694537" dump="1533628694541"/><sessioninfo id="cn.home1.logging.logback.SpringBootLogbackLoggingLevelTest testReadSpringProperty" start="1533628694551" dump="1533628694560"/><sessioninfo id="cn.home1.logging.logback.SpringBootLogbackLoggingLevelTest testReadSpringProperty" start="1533628694566" dump="1533628694579"/></report>