<?xml version="1.0" encoding="UTF-8" standalone="yes"?><!DOCTYPE report PUBLIC "-//JACOCO//DTD Report 1.1//EN" "report.dtd"><report name="Combined"><sessioninfo id="" start="1552656714789" dump="1552656721257"/><sessioninfo id="cn.home1.logging.logback.SpringBootLogbackLoggingLevelTest testLevel" start="1552656721306" dump="1552656721968"/><sessioninfo id="" start="1552656721996" dump="1552656722001"/><sessioninfo id="cn.home1.logging.logback.SpringBootLogbackLoggingLevelTest testReadSpringProperty" start="1552656722011" dump="1552656722015"/><sessioninfo id="cn.home1.logging.logback.SpringBootLogbackLoggingLevelTest testReadSpringProperty" start="1552656722024" dump="1552656722060"/></report>