<?xml version="1.0" encoding="UTF-8" standalone="yes"?><!DOCTYPE report PUBLIC "-//JACOCO//DTD Report 1.0//EN" "report.dtd"><report name="spring-cloud-service-filter"><sessioninfo id="" start="1537210644096" dump="1537210645987"/><sessioninfo id="cn.home1.test.IsAliveTest testIsAlive" start="1537210646000" dump="1537210646010"/><sessioninfo id="cn.home1.test.IsAliveTest testIsAlive" start="1537210646012" dump="1537210646034"/><sessioninfo id="" start="1537210646554" dump="1537210647458"/><sessioninfo id="cn.home1.test.CopyOutputStreamTest testNotFound" start="1537210647469" dump="1537210654690"/><sessioninfo id="" start="1537210654703" dump="1537210654705"/><sessioninfo id="cn.home1.test.CopyOutputStreamTest testFound" start="1537210654706" dump="1537210657717"/><sessioninfo id="cn.home1.test.CopyOutputStreamTest testFound" start="1537210657723" dump="1537210657738"/><sessioninfo id="" start="1537210658248" dump="1537210743365"/><sessioninfo id="cn.home1.cloud.netflix.eureka.client.EurekaInstanceTests testEurekaInstance" start="1537210743509" dump="1537210773714"/><sessioninfo id="cn.home1.cloud.netflix.eureka.client.EurekaInstanceTests testEurekaInstance" start="1537210773774" dump="1537210774536"/></report>