<?xml version="1.0" encoding="UTF-8" standalone="yes"?><!DOCTYPE report PUBLIC "-//JACOCO//DTD Report 1.0//EN" "report.dtd"><report name="log4j2-test-config"><sessioninfo id="" start="1535449470457" dump="1535449475848"/><sessioninfo id="cn.home1.logging.log4j2.SpringBootLog4j2LoggingLevelTest testLevel" start="1535449475889" dump="1535449475965"/><sessioninfo id="cn.home1.logging.log4j2.SpringBootLog4j2LoggingLevelTest testLevel" start="1535449475974" dump="1535449476024"/><sessioninfo id="" start="1535449476488" dump="1535449478241"/><sessioninfo id="cn.home1.logging.log4j2.Log4j2TestConfigTest testLog4j2TestConfig" start="1535449478253" dump="1535449478276"/><sessioninfo id="cn.home1.logging.log4j2.Log4j2TestConfigTest testLog4j2TestConfig" start="1535449478279" dump="1535449478298"/></report>