<?xml version="1.0" encoding="UTF-8" standalone="yes"?><!DOCTYPE report PUBLIC "-//JACOCO//DTD Report 1.0//EN" "report.dtd"><report name="log4j2-test-config"><sessioninfo id="" start="1535379279830" dump="1535379285443"/><sessioninfo id="cn.home1.logging.log4j2.SpringBootLog4j2LoggingLevelTest testLevel" start="1535379285482" dump="1535379285577"/><sessioninfo id="cn.home1.logging.log4j2.SpringBootLog4j2LoggingLevelTest testLevel" start="1535379285586" dump="1535379285621"/><sessioninfo id="" start="1535379286122" dump="1535379287938"/><sessioninfo id="cn.home1.logging.log4j2.Log4j2TestConfigTest testLog4j2TestConfig" start="1535379287953" dump="1535379287972"/><sessioninfo id="cn.home1.logging.log4j2.Log4j2TestConfigTest testLog4j2TestConfig" start="1535379287977" dump="1535379287991"/></report>