<?xml version="1.0" encoding="UTF-8" standalone="yes"?><!DOCTYPE report PUBLIC "-//JACOCO//DTD Report 1.0//EN" "report.dtd"><report name="Combined"><sessioninfo id="" start="1535449497262" dump="1535449501802"/><sessioninfo id="cn.home1.logging.logback.SpringBootLogbackLoggingLevelTest testLevel" start="1535449501842" dump="1535449501918"/><sessioninfo id="cn.home1.logging.logback.SpringBootLogbackLoggingLevelTest testLevel" start="1535449501925" dump="1535449501942"/><sessioninfo id="" start="1535449502383" dump="1535449503655"/><sessioninfo id="cn.home1.logging.logback.LogbackTestConfigTest testLogbackTestConfig" start="1535449503672" dump="1535449503690"/><sessioninfo id="cn.home1.logging.logback.LogbackTestConfigTest testLogbackTestConfig" start="1535449503694" dump="1535449503726"/></report>