<?xml version="1.0" encoding="UTF-8" standalone="yes"?><!DOCTYPE report PUBLIC "-//JACOCO//DTD Report 1.0//EN" "report.dtd"><report name="Combined"><sessioninfo id="" start="1533572202431" dump="1533572203788"/><sessioninfo id="cn.home1.logging.logback.LogbackTestConfigTest testLogbackTestConfig" start="1533572203806" dump="1533572203822"/><sessioninfo id="" start="1533572203826" dump="1533572207072"/><sessioninfo id="cn.home1.logging.logback.SpringBootLogbackLoggingLevelTest testLevel" start="1533572207106" dump="1533572207175"/><sessioninfo id="cn.home1.logging.logback.SpringBootLogbackLoggingLevelTest testLevel" start="1533572207185" dump="1533572207196"/></report>