<?xml version="1.0" encoding="UTF-8" standalone="yes"?><!DOCTYPE report PUBLIC "-//JACOCO//DTD Report 1.0//EN" "report.dtd"><report name="logback-logstash-config"><sessioninfo id="" start="1535380284528" dump="1535380289538"/><sessioninfo id="cn.home1.logging.logback.SpringBootLogbackLoggingLevelTest testLevel" start="1535380289584" dump="1535380289671"/><sessioninfo id="" start="1535380289681" dump="1535380289689"/><sessioninfo id="cn.home1.logging.logback.SpringBootLogbackLoggingLevelTest testReadSpringProperty" start="1535380289697" dump="1535380289707"/><sessioninfo id="cn.home1.logging.logback.SpringBootLogbackLoggingLevelTest testReadSpringProperty" start="1535380289712" dump="1535380289740"/></report>