<?xml version="1.0" encoding="UTF-8" standalone="yes"?><!DOCTYPE report PUBLIC "-//JACOCO//DTD Report 1.0//EN" "report.dtd"><report name="Combined"><sessioninfo id="" start="1536600342789" dump="1536600344686"/><sessioninfo id="cn.home1.test.IsAliveTest testIsAlive" start="1536600344701" dump="1536600344714"/><sessioninfo id="cn.home1.test.IsAliveTest testIsAlive" start="1536600344717" dump="1536600344741"/><sessioninfo id="" start="1536600344964" dump="1536600345797"/><sessioninfo id="cn.home1.test.CopyOutputStreamTest testNotFound" start="1536600345805" dump="1536600352992"/><sessioninfo id="" start="1536600353011" dump="1536600353014"/><sessioninfo id="cn.home1.test.CopyOutputStreamTest testFound" start="1536600353016" dump="1536600356040"/><sessioninfo id="cn.home1.test.CopyOutputStreamTest testFound" start="1536600356048" dump="1536600356083"/><sessioninfo id="" start="1536600356599" dump="1536600358465"/><sessioninfo id="cn.home1.test.BuildPropertiesTest testBuildTime" start="1536600358480" dump="1536600358735"/><sessioninfo id="cn.home1.test.BuildPropertiesTest testBuildTime" start="1536600358745" dump="1536600358791"/><sessioninfo id="" start="1536600359315" dump="1536600398149"/><sessioninfo id="cn.home1.cloud.netflix.eureka.client.EurekaInstanceTests testEurekaInstance" start="1536600398278" dump="1536600428591"/><sessioninfo id="cn.home1.cloud.netflix.eureka.client.EurekaInstanceTests testEurekaInstance" start="1536600428616" dump="1536600429082"/></report>