<?xml version="1.0" encoding="UTF-8" standalone="yes"?><!DOCTYPE report PUBLIC "-//JACOCO//DTD Report 1.0//EN" "report.dtd"><report name="Combined"><sessioninfo id="" start="1533572193210" dump="1533572198012"/><sessioninfo id="cn.home1.logging.logback.SpringBootLogbackLoggingLevelTest testLevel" start="1533572198058" dump="1533572198153"/><sessioninfo id="" start="1533572198169" dump="1533572198175"/><sessioninfo id="cn.home1.logging.logback.SpringBootLogbackLoggingLevelTest testReadSpringProperty" start="1533572198182" dump="1533572198194"/><sessioninfo id="cn.home1.logging.logback.SpringBootLogbackLoggingLevelTest testReadSpringProperty" start="1533572198201" dump="1533572198219"/></report>