<?xml version="1.0" encoding="UTF-8" standalone="yes"?><!DOCTYPE report PUBLIC "-//JACOCO//DTD Report 1.0//EN" "report.dtd"><report name="Combined"><sessioninfo id="" start="1533557684141" dump="1533557685686"/><sessioninfo id="cn.home1.logging.logback.LogbackTestConfigTest testLogbackTestConfig" start="1533557685696" dump="1533557685712"/><sessioninfo id="" start="1533557685714" dump="1533557689631"/><sessioninfo id="cn.home1.logging.logback.SpringBootLogbackLoggingLevelTest testLevel" start="1533557689662" dump="1533557689764"/><sessioninfo id="cn.home1.logging.logback.SpringBootLogbackLoggingLevelTest testLevel" start="1533557689773" dump="1533557689804"/></report>