<?xml version="1.0" encoding="UTF-8" standalone="yes"?><!DOCTYPE report PUBLIC "-//JACOCO//DTD Report 1.0//EN" "report.dtd"><report name="Combined"><sessioninfo id="" start="1533551136466" dump="1533551137744"/><sessioninfo id="cn.home1.logging.logback.LogbackTestConfigTest testLogbackTestConfig" start="1533551137762" dump="1533551137780"/><sessioninfo id="" start="1533551137784" dump="1533551140971"/><sessioninfo id="cn.home1.logging.logback.SpringBootLogbackLoggingLevelTest testLevel" start="1533551141005" dump="1533551141094"/><sessioninfo id="cn.home1.logging.logback.SpringBootLogbackLoggingLevelTest testLevel" start="1533551141101" dump="1533551141116"/></report>