<?xml version="1.0" encoding="UTF-8" standalone="yes"?><!DOCTYPE report PUBLIC "-//JACOCO//DTD Report 1.0//EN" "report.dtd"><report name="spring-cloud-service-filter"><sessioninfo id="" start="1542213393701" dump="1542213395830"/><sessioninfo id="cn.home1.test.IsAliveTest testIsAlive" start="1542213395845" dump="1542213395860"/><sessioninfo id="cn.home1.test.IsAliveTest testIsAlive" start="1542213395868" dump="1542213395898"/><sessioninfo id="" start="1542213396420" dump="1542213397427"/><sessioninfo id="cn.home1.test.CopyOutputStreamTest testNotFound" start="1542213397441" dump="1542213404705"/><sessioninfo id="" start="1542213404720" dump="1542213404722"/><sessioninfo id="cn.home1.test.CopyOutputStreamTest testFound" start="1542213404723" dump="1542213407746"/><sessioninfo id="cn.home1.test.CopyOutputStreamTest testFound" start="1542213407751" dump="1542213407772"/><sessioninfo id="" start="1542213408317" dump="1542213448265"/><sessioninfo id="cn.home1.cloud.netflix.eureka.client.EurekaInstanceTests testEurekaInstance" start="1542213448386" dump="1542213478595"/><sessioninfo id="cn.home1.cloud.netflix.eureka.client.EurekaInstanceTests testEurekaInstance" start="1542213478619" dump="1542213479324"/></report>