<?xml version="1.0" encoding="UTF-8" standalone="yes"?><!DOCTYPE report PUBLIC "-//JACOCO//DTD Report 1.0//EN" "report.dtd"><report name="spring-cloud-service-filter"><sessioninfo id="" start="1541061161976" dump="1541061163371"/><sessioninfo id="cn.home1.test.CopyOutputStreamTest testNotFound" start="1541061163390" dump="1541061171309"/><sessioninfo id="" start="1541061171342" dump="1541061171343"/><sessioninfo id="cn.home1.test.CopyOutputStreamTest testFound" start="1541061171344" dump="1541061174369"/><sessioninfo id="cn.home1.test.CopyOutputStreamTest testFound" start="1541061174372" dump="1541061174388"/><sessioninfo id="" start="1541061174957" dump="1541061176120"/><sessioninfo id="cn.home1.test.IsAliveTest testIsAlive" start="1541061176127" dump="1541061176139"/><sessioninfo id="cn.home1.test.IsAliveTest testIsAlive" start="1541061176141" dump="1541061176182"/><sessioninfo id="" start="1541061176762" dump="1541061201404"/><sessioninfo id="cn.home1.cloud.netflix.eureka.client.EurekaInstanceTests testEurekaInstance" start="1541061201529" dump="1541061231589"/><sessioninfo id="cn.home1.cloud.netflix.eureka.client.EurekaInstanceTests testEurekaInstance" start="1541061231609" dump="1541061232200"/></report>