<?xml version="1.0" encoding="UTF-8" standalone="yes"?><!DOCTYPE report PUBLIC "-//JACOCO//DTD Report 1.0//EN" "report.dtd"><report name="Combined"><sessioninfo id="" start="1540026452018" dump="1540026454075"/><sessioninfo id="cn.home1.test.IsAliveTest testIsAlive" start="1540026454085" dump="1540026454096"/><sessioninfo id="cn.home1.test.IsAliveTest testIsAlive" start="1540026454098" dump="1540026454121"/><sessioninfo id="" start="1540026454648" dump="1540026455602"/><sessioninfo id="cn.home1.test.CopyOutputStreamTest testNotFound" start="1540026455613" dump="1540026462921"/><sessioninfo id="" start="1540026462937" dump="1540026462938"/><sessioninfo id="cn.home1.test.CopyOutputStreamTest testFound" start="1540026462940" dump="1540026465955"/><sessioninfo id="cn.home1.test.CopyOutputStreamTest testFound" start="1540026465960" dump="1540026465987"/><sessioninfo id="" start="1540026466514" dump="1540026506571"/><sessioninfo id="cn.home1.cloud.netflix.eureka.client.EurekaInstanceTests testEurekaInstance" start="1540026506831" dump="1540026536952"/><sessioninfo id="cn.home1.cloud.netflix.eureka.client.EurekaInstanceTests testEurekaInstance" start="1540026536991" dump="1540026537463"/></report>