<?xml version="1.0" encoding="UTF-8" standalone="yes"?><!DOCTYPE report PUBLIC "-//JACOCO//DTD Report 1.0//EN" "report.dtd"><report name="Combined"><sessioninfo id="" start="1538521600347" dump="1538521602307"/><sessioninfo id="cn.home1.test.IsAliveTest testIsAlive" start="1538521602322" dump="1538521602338"/><sessioninfo id="cn.home1.test.IsAliveTest testIsAlive" start="1538521602341" dump="1538521602365"/><sessioninfo id="" start="1538521602884" dump="1538521603827"/><sessioninfo id="cn.home1.test.CopyOutputStreamTest testNotFound" start="1538521603833" dump="1538521610986"/><sessioninfo id="" start="1538521610995" dump="1538521610996"/><sessioninfo id="cn.home1.test.CopyOutputStreamTest testFound" start="1538521610997" dump="1538521614003"/><sessioninfo id="cn.home1.test.CopyOutputStreamTest testFound" start="1538521614018" dump="1538521614057"/><sessioninfo id="" start="1538521614571" dump="1538521653626"/><sessioninfo id="cn.home1.cloud.netflix.eureka.client.EurekaInstanceTests testEurekaInstance" start="1538521653772" dump="1538521683980"/><sessioninfo id="cn.home1.cloud.netflix.eureka.client.EurekaInstanceTests testEurekaInstance" start="1538521684021" dump="1538521684575"/></report>