GROUP,PACKAGE,CLASS,INSTRUCTION_MISSED,INSTRUCTION_COVERED,BRANCH_MISSED,BRANCH_COVERED,LINE_MISSED,LINE_COVERED,COMPLEXITY_MISSED,COMPLEXITY_COVERED,METHOD_MISSED,METHOD_COVERED
Combined,top.infra.test.classloader,ClassUtils,52,8,2,0,10,2,3,1,2,1
Combined,top.infra.test.classloader,ClassLoaderChangerRunner,0,29,0,0,0,10,0,3,0,3
Combined,top.infra.test.classloader.exclude,ExcludeClassesClassLoader,0,100,0,20,0,23,0,14,0,4
Combined,top.infra.test.classloader.exclude,ExcludeClassJunitRunner,17,75,1,1,1,18,1,3,0,3
Combined,top.infra.test.classloader.multi,LibrarySetClassLoader,56,0,2,0,13,0,6,0,5,0
Combined,top.infra.test.classloader.multi,MultiClassLoaderJunitRunner,92,0,4,0,17,0,5,0,3,0
Combined,top.infra.test.classloader.multi,MultiClassLoaderJunitRunner.new BlockJUnit4ClassRunner() {...},18,0,0,0,2,0,2,0,2,0
