<?xml version="1.0" encoding="UTF-8" standalone="yes"?><!DOCTYPE report PUBLIC "-//JACOCO//DTD Report 1.0//EN" "report.dtd"><report name="Combined"><sessioninfo id="" start="1535388707404" dump="1535388713478"/><sessioninfo id="cn.home1.logging.log4j2.SpringBootLog4j2LoggingLevelTest testLevel" start="1535388713526" dump="1535388713599"/><sessioninfo id="cn.home1.logging.log4j2.SpringBootLog4j2LoggingLevelTest testLevel" start="1535388713608" dump="1535388713640"/><sessioninfo id="" start="1535388714121" dump="1535388715949"/><sessioninfo id="cn.home1.logging.log4j2.Log4j2TestConfigTest testLog4j2TestConfig" start="1535388715964" dump="1535388715984"/><sessioninfo id="cn.home1.logging.log4j2.Log4j2TestConfigTest testLog4j2TestConfig" start="1535388715989" dump="1535388716005"/></report>