<?xml version="1.0" encoding="UTF-8" standalone="yes"?><!DOCTYPE report PUBLIC "-//JACOCO//DTD Report 1.0//EN" "report.dtd"><report name="Combined"><sessioninfo id="" start="1533628675971" dump="1533628681527"/><sessioninfo id="cn.home1.logging.log4j2.SpringBootLog4j2LoggingLevelTest testLevel" start="1533628681567" dump="1533628681660"/><sessioninfo id="" start="1533628681669" dump="1533628681692"/><sessioninfo id="cn.home1.logging.log4j2.Log4j2TestConfigTest testLog4j2TestConfig" start="1533628681697" dump="1533628681706"/><sessioninfo id="cn.home1.logging.log4j2.Log4j2TestConfigTest testLog4j2TestConfig" start="1533628681715" dump="1533628681756"/></report>