<?xml version="1.0" encoding="UTF-8" standalone="yes"?><!DOCTYPE report PUBLIC "-//JACOCO//DTD Report 1.0//EN" "report.dtd"><report name="log4j2-rolling-config"><sessioninfo id="" start="1535388683895" dump="1535388694483"/><sessioninfo id="cn.home1.logging.log4j2.Log4j2RollingConfigTest testLog4j2RollingConfig" start="1535388694570" dump="1535388694664"/><sessioninfo id="cn.home1.logging.log4j2.Log4j2RollingConfigTest testLog4j2RollingConfig" start="1535388694675" dump="1535388699067"/></report>