<?xml version="1.0" encoding="UTF-8" standalone="yes"?><!DOCTYPE report PUBLIC "-//JACOCO//DTD Report 1.0//EN" "report.dtd"><report name="log4j2-rolling-config"><sessioninfo id="" start="1535449446446" dump="1535449456924"/><sessioninfo id="cn.home1.logging.log4j2.Log4j2RollingConfigTest testLog4j2RollingConfig" start="1535449457031" dump="1535449457114"/><sessioninfo id="cn.home1.logging.log4j2.Log4j2RollingConfigTest testLog4j2RollingConfig" start="1535449457123" dump="1535449461248"/></report>