<?xml version="1.0" encoding="UTF-8" standalone="yes"?><!DOCTYPE report PUBLIC "-//JACOCO//DTD Report 1.0//EN" "report.dtd"><report name="Combined"><sessioninfo id="" start="1533550989314" dump="1533550994295"/><sessioninfo id="cn.home1.logging.log4j2.SpringBootLog4j2LoggingLevelTest testLevel" start="1533550994334" dump="1533550994395"/><sessioninfo id="" start="1533550994402" dump="1533550994423"/><sessioninfo id="cn.home1.logging.log4j2.Log4j2TestConfigTest testLog4j2TestConfig" start="1533550994428" dump="1533550994432"/><sessioninfo id="cn.home1.logging.log4j2.Log4j2TestConfigTest testLog4j2TestConfig" start="1533550994436" dump="1533550994464"/></report>